<?xml version="1.0" encoding="UTF-8"?>
<!-- Generated by org.testng.reporters.JUnitXMLReporter -->
<testsuite hostname="DESKTOP-BF297NV" ignored="2" name="Test" tests="4" failures="2" timestamp="13 Oct 2020 12:20:21 GMT" time="18.517" errors="0">
  <testcase name="Login" time="0.011" classname="com.recruitio.Profile_Login"/>
  <testcase name="Login" time="7.533" classname="com.recruitio.SignupRecruitio">
    <failure type="java.lang.AssertionError" message="RCRM expected:&amp;lt;RCRM&amp;gt; but was:&amp;lt;Verify URL of the new page&amp;gt;">
      <![CDATA[java.lang.AssertionError: RCRM expected:<RCRM> but was:<Verify URL of the new page>
	at com.recruitio.SignupRecruitio.Login(SignupRecruitio.java:36)
... Removed 26 stack frames]]>
    </failure>
  </testcase> <!-- Login -->
  <testcase name="signup" time="0.004" classname="com.recruitio.Account">
    <failure type="java.lang.NullPointerException">
      <![CDATA[java.lang.NullPointerException
	at com.recruitio.Account.signup(Account.java:30)
... Removed 25 stack frames]]>
    </failure>
  </testcase> <!-- signup -->
  <testcase name="SignupDetails" time="5.13" classname="com.recruitio.SignupRecruitio"/>
  <testcase name="@AfterTest teardown" time="0.0" classname="com.recruitio.pages.Base_recruitio">
    <ignored/>
  </testcase> <!-- @AfterTest teardown -->
  <testcase name="@BeforeTest InvokeBrowser" time="0.0" classname="com.recruitio.pages.Base_recruitio">
    <ignored/>
  </testcase> <!-- @BeforeTest InvokeBrowser -->
</testsuite> <!-- Test -->
